2016-09-28 11:13:38,874 [Worker-2] INFO  o.e.m.c.i.l.LifecycleMappingFactory - Using org.eclipse.m2e.jdt.JarLifecycleMapping lifecycle mapping for MavenProject: com.sillydandd:sillydandd:0.0.1-SNAPSHOT @ C:\Users\admin\dandd\sillydandd\pom.xml.
2016-09-28 11:13:39,908 [Worker-2] INFO  o.e.m.j.i.AbstractJavaProjectConfigurator - Adding source folder /sillydandd/src/main/java
2016-09-28 11:13:39,912 [Worker-2] INFO  o.e.m.j.i.AbstractJavaProjectConfigurator - Adding resource folder /sillydandd/src/main/resources
2016-09-28 11:13:39,914 [Worker-2] INFO  o.e.m.j.i.AbstractJavaProjectConfigurator - Adding source folder /sillydandd/src/test/java
2016-09-28 11:13:39,915 [Worker-2] INFO  o.e.m.j.i.AbstractJavaProjectConfigurator - Adding resource folder /sillydandd/src/test/resources
2016-09-28 11:13:41,703 [Worker-12] WARN  o.e.m.c.i.embedder.EclipseLogger - Using platform encoding (Cp1252 actually) to copy filtered resources, i.e. build is platform dependent!
2016-09-28 11:13:41,723 [Worker-12] INFO  o.e.m.c.i.embedder.EclipseLogger - Copying 0 resource
2016-09-28 11:13:41,726 [Worker-12] WARN  o.e.m.c.i.embedder.EclipseLogger - Using platform encoding (Cp1252 actually) to copy filtered resources, i.e. build is platform dependent!
2016-09-28 11:13:41,734 [Worker-12] INFO  o.e.m.c.i.embedder.EclipseLogger - Copying 0 resource
2016-09-28 11:14:26,502 [Worker-15] WARN  o.e.m.c.i.embedder.EclipseLogger - Using platform encoding (Cp1252 actually) to copy filtered resources, i.e. build is platform dependent!
2016-09-28 11:14:26,536 [Worker-15] INFO  o.e.m.c.i.embedder.EclipseLogger - Copying 0 resource
2016-09-28 11:14:26,558 [Worker-15] WARN  o.e.m.c.i.embedder.EclipseLogger - Using platform encoding (Cp1252 actually) to copy filtered resources, i.e. build is platform dependent!
2016-09-28 11:14:26,583 [Worker-15] INFO  o.e.m.c.i.embedder.EclipseLogger - Copying 0 resource
2016-09-28 11:15:03,634 [Worker-10] WARN  o.e.m.c.i.embedder.EclipseLogger - Using platform encoding (Cp1252 actually) to copy filtered resources, i.e. build is platform dependent!
2016-09-28 11:15:03,649 [Worker-10] INFO  o.e.m.c.i.embedder.EclipseLogger - Copying 0 resource
2016-09-28 11:15:03,655 [Worker-10] WARN  o.e.m.c.i.embedder.EclipseLogger - Using platform encoding (Cp1252 actually) to copy filtered resources, i.e. build is platform dependent!
2016-09-28 11:15:03,677 [Worker-10] INFO  o.e.m.c.i.embedder.EclipseLogger - Copying 0 resource
2016-09-28 11:15:22,412 [Worker-14] WARN  o.e.m.c.i.embedder.EclipseLogger - Using platform encoding (Cp1252 actually) to copy filtered resources, i.e. build is platform dependent!
2016-09-28 11:15:22,426 [Worker-14] INFO  o.e.m.c.i.embedder.EclipseLogger - Copying 0 resource
2016-09-28 11:15:22,429 [Worker-14] WARN  o.e.m.c.i.embedder.EclipseLogger - Using platform encoding (Cp1252 actually) to copy filtered resources, i.e. build is platform dependent!
2016-09-28 11:15:22,450 [Worker-14] INFO  o.e.m.c.i.embedder.EclipseLogger - Copying 0 resource
2016-09-28 11:16:55,373 [Worker-10] WARN  o.e.m.c.i.embedder.EclipseLogger - Using platform encoding (Cp1252 actually) to copy filtered resources, i.e. build is platform dependent!
2016-09-28 11:16:55,411 [Worker-10] INFO  o.e.m.c.i.embedder.EclipseLogger - Copying 0 resource
2016-09-28 11:16:55,426 [Worker-10] WARN  o.e.m.c.i.embedder.EclipseLogger - Using platform encoding (Cp1252 actually) to copy filtered resources, i.e. build is platform dependent!
2016-09-28 11:16:55,453 [Worker-10] INFO  o.e.m.c.i.embedder.EclipseLogger - Copying 0 resource
2016-09-28 11:17:07,120 [Worker-7] WARN  o.e.m.c.i.embedder.EclipseLogger - Using platform encoding (Cp1252 actually) to copy filtered resources, i.e. build is platform dependent!
2016-09-28 11:17:07,139 [Worker-7] INFO  o.e.m.c.i.embedder.EclipseLogger - Copying 0 resource
2016-09-28 11:17:07,142 [Worker-7] WARN  o.e.m.c.i.embedder.EclipseLogger - Using platform encoding (Cp1252 actually) to copy filtered resources, i.e. build is platform dependent!
2016-09-28 11:17:07,164 [Worker-7] INFO  o.e.m.c.i.embedder.EclipseLogger - Copying 0 resource
2016-09-28 11:17:19,029 [Worker-18] WARN  o.e.m.c.i.embedder.EclipseLogger - Using platform encoding (Cp1252 actually) to copy filtered resources, i.e. build is platform dependent!
2016-09-28 11:17:19,053 [Worker-18] INFO  o.e.m.c.i.embedder.EclipseLogger - Copying 0 resource
2016-09-28 11:17:19,056 [Worker-18] WARN  o.e.m.c.i.embedder.EclipseLogger - Using platform encoding (Cp1252 actually) to copy filtered resources, i.e. build is platform dependent!
2016-09-28 11:17:19,082 [Worker-18] INFO  o.e.m.c.i.embedder.EclipseLogger - Copying 0 resource
2016-09-28 11:17:37,193 [Worker-20] WARN  o.e.m.c.i.embedder.EclipseLogger - Using platform encoding (Cp1252 actually) to copy filtered resources, i.e. build is platform dependent!
2016-09-28 11:17:37,225 [Worker-20] INFO  o.e.m.c.i.embedder.EclipseLogger - Copying 0 resource
2016-09-28 11:17:37,230 [Worker-20] WARN  o.e.m.c.i.embedder.EclipseLogger - Using platform encoding (Cp1252 actually) to copy filtered resources, i.e. build is platform dependent!
2016-09-28 11:17:37,253 [Worker-20] INFO  o.e.m.c.i.embedder.EclipseLogger - Copying 0 resource
2016-09-28 11:19:01,682 [Worker-7] WARN  o.e.m.c.i.embedder.EclipseLogger - Using platform encoding (Cp1252 actually) to copy filtered resources, i.e. build is platform dependent!
2016-09-28 11:19:01,697 [Worker-7] INFO  o.e.m.c.i.embedder.EclipseLogger - Copying 0 resource
2016-09-28 11:19:01,705 [Worker-7] WARN  o.e.m.c.i.embedder.EclipseLogger - Using platform encoding (Cp1252 actually) to copy filtered resources, i.e. build is platform dependent!
2016-09-28 11:19:01,718 [Worker-7] INFO  o.e.m.c.i.embedder.EclipseLogger - Copying 0 resource
2016-09-28 11:19:02,753 [Worker-12] WARN  o.e.m.c.i.embedder.EclipseLogger - Using platform encoding (Cp1252 actually) to copy filtered resources, i.e. build is platform dependent!
2016-09-28 11:19:02,794 [Worker-12] INFO  o.e.m.c.i.embedder.EclipseLogger - Copying 0 resource
2016-09-28 11:19:02,797 [Worker-12] WARN  o.e.m.c.i.embedder.EclipseLogger - Using platform encoding (Cp1252 actually) to copy filtered resources, i.e. build is platform dependent!
2016-09-28 11:19:02,813 [Worker-12] INFO  o.e.m.c.i.embedder.EclipseLogger - Copying 0 resource
2016-09-28 13:00:16,363 [Worker-56] WARN  o.e.m.c.i.embedder.EclipseLogger - Using platform encoding (Cp1252 actually) to copy filtered resources, i.e. build is platform dependent!
2016-09-28 13:00:16,383 [Worker-56] INFO  o.e.m.c.i.embedder.EclipseLogger - Copying 0 resource
2016-09-28 13:00:16,395 [Worker-56] WARN  o.e.m.c.i.embedder.EclipseLogger - Using platform encoding (Cp1252 actually) to copy filtered resources, i.e. build is platform dependent!
2016-09-28 13:00:16,412 [Worker-56] INFO  o.e.m.c.i.embedder.EclipseLogger - Copying 0 resource
2016-09-28 13:00:45,525 [Worker-56] WARN  o.e.m.c.i.embedder.EclipseLogger - Using platform encoding (Cp1252 actually) to copy filtered resources, i.e. build is platform dependent!
2016-09-28 13:00:45,534 [Worker-56] INFO  o.e.m.c.i.embedder.EclipseLogger - Copying 0 resource
2016-09-28 13:00:45,537 [Worker-56] WARN  o.e.m.c.i.embedder.EclipseLogger - Using platform encoding (Cp1252 actually) to copy filtered resources, i.e. build is platform dependent!
2016-09-28 13:00:45,557 [Worker-56] INFO  o.e.m.c.i.embedder.EclipseLogger - Copying 0 resource
2016-09-28 13:00:55,405 [Worker-54] WARN  o.e.m.c.i.embedder.EclipseLogger - Using platform encoding (Cp1252 actually) to copy filtered resources, i.e. build is platform dependent!
2016-09-28 13:00:55,424 [Worker-54] INFO  o.e.m.c.i.embedder.EclipseLogger - Copying 0 resource
2016-09-28 13:00:55,435 [Worker-54] WARN  o.e.m.c.i.embedder.EclipseLogger - Using platform encoding (Cp1252 actually) to copy filtered resources, i.e. build is platform dependent!
2016-09-28 13:00:55,451 [Worker-54] INFO  o.e.m.c.i.embedder.EclipseLogger - Copying 0 resource
2016-09-28 13:01:36,109 [Worker-55] WARN  o.e.m.c.i.embedder.EclipseLogger - Using platform encoding (Cp1252 actually) to copy filtered resources, i.e. build is platform dependent!
2016-09-28 13:01:36,123 [Worker-55] INFO  o.e.m.c.i.embedder.EclipseLogger - Copying 0 resource
2016-09-28 13:01:36,130 [Worker-55] WARN  o.e.m.c.i.embedder.EclipseLogger - Using platform encoding (Cp1252 actually) to copy filtered resources, i.e. build is platform dependent!
2016-09-28 13:01:36,149 [Worker-55] INFO  o.e.m.c.i.embedder.EclipseLogger - Copying 0 resource
2016-09-28 13:06:26,238 [Worker-62] WARN  o.e.m.c.i.embedder.EclipseLogger - Using platform encoding (Cp1252 actually) to copy filtered resources, i.e. build is platform dependent!
2016-09-28 13:06:26,260 [Worker-62] INFO  o.e.m.c.i.embedder.EclipseLogger - Copying 0 resource
2016-09-28 13:06:26,264 [Worker-62] WARN  o.e.m.c.i.embedder.EclipseLogger - Using platform encoding (Cp1252 actually) to copy filtered resources, i.e. build is platform dependent!
2016-09-28 13:06:26,286 [Worker-62] INFO  o.e.m.c.i.embedder.EclipseLogger - Copying 0 resource
2016-09-28 13:06:49,571 [Worker-61] WARN  o.e.m.c.i.embedder.EclipseLogger - Using platform encoding (Cp1252 actually) to copy filtered resources, i.e. build is platform dependent!
2016-09-28 13:06:49,588 [Worker-61] INFO  o.e.m.c.i.embedder.EclipseLogger - Copying 0 resource
2016-09-28 13:06:49,594 [Worker-61] WARN  o.e.m.c.i.embedder.EclipseLogger - Using platform encoding (Cp1252 actually) to copy filtered resources, i.e. build is platform dependent!
2016-09-28 13:06:49,617 [Worker-61] INFO  o.e.m.c.i.embedder.EclipseLogger - Copying 0 resource
2016-09-28 13:07:19,053 [Worker-62] WARN  o.e.m.c.i.embedder.EclipseLogger - Using platform encoding (Cp1252 actually) to copy filtered resources, i.e. build is platform dependent!
2016-09-28 13:07:19,077 [Worker-62] INFO  o.e.m.c.i.embedder.EclipseLogger - Copying 0 resource
2016-09-28 13:07:19,086 [Worker-62] WARN  o.e.m.c.i.embedder.EclipseLogger - Using platform encoding (Cp1252 actually) to copy filtered resources, i.e. build is platform dependent!
2016-09-28 13:07:19,105 [Worker-62] INFO  o.e.m.c.i.embedder.EclipseLogger - Copying 0 resource
2016-09-28 13:07:35,059 [Worker-56] WARN  o.e.m.c.i.embedder.EclipseLogger - Using platform encoding (Cp1252 actually) to copy filtered resources, i.e. build is platform dependent!
2016-09-28 13:07:35,072 [Worker-56] INFO  o.e.m.c.i.embedder.EclipseLogger - Copying 0 resource
2016-09-28 13:07:35,077 [Worker-56] WARN  o.e.m.c.i.embedder.EclipseLogger - Using platform encoding (Cp1252 actually) to copy filtered resources, i.e. build is platform dependent!
2016-09-28 13:07:35,098 [Worker-56] INFO  o.e.m.c.i.embedder.EclipseLogger - Copying 0 resource
2016-09-28 13:07:44,358 [Worker-62] WARN  o.e.m.c.i.embedder.EclipseLogger - Using platform encoding (Cp1252 actually) to copy filtered resources, i.e. build is platform dependent!
2016-09-28 13:07:44,379 [Worker-62] INFO  o.e.m.c.i.embedder.EclipseLogger - Copying 0 resource
2016-09-28 13:07:44,388 [Worker-62] WARN  o.e.m.c.i.embedder.EclipseLogger - Using platform encoding (Cp1252 actually) to copy filtered resources, i.e. build is platform dependent!
2016-09-28 13:07:44,409 [Worker-62] INFO  o.e.m.c.i.embedder.EclipseLogger - Copying 0 resource
2016-09-28 13:09:45,390 [Worker-61] WARN  o.e.m.c.i.embedder.EclipseLogger - Using platform encoding (Cp1252 actually) to copy filtered resources, i.e. build is platform dependent!
2016-09-28 13:09:45,410 [Worker-61] INFO  o.e.m.c.i.embedder.EclipseLogger - Copying 0 resource
2016-09-28 13:09:45,414 [Worker-61] WARN  o.e.m.c.i.embedder.EclipseLogger - Using platform encoding (Cp1252 actually) to copy filtered resources, i.e. build is platform dependent!
2016-09-28 13:09:45,438 [Worker-61] INFO  o.e.m.c.i.embedder.EclipseLogger - Copying 0 resource
2016-09-28 13:10:05,794 [Worker-57] WARN  o.e.m.c.i.embedder.EclipseLogger - Using platform encoding (Cp1252 actually) to copy filtered resources, i.e. build is platform dependent!
2016-09-28 13:10:05,817 [Worker-57] INFO  o.e.m.c.i.embedder.EclipseLogger - Copying 0 resource
2016-09-28 13:10:05,830 [Worker-57] WARN  o.e.m.c.i.embedder.EclipseLogger - Using platform encoding (Cp1252 actually) to copy filtered resources, i.e. build is platform dependent!
2016-09-28 13:10:05,851 [Worker-57] INFO  o.e.m.c.i.embedder.EclipseLogger - Copying 0 resource
2016-09-28 13:27:08,945 [Worker-77] WARN  o.e.m.c.i.embedder.EclipseLogger - Using platform encoding (Cp1252 actually) to copy filtered resources, i.e. build is platform dependent!
2016-09-28 13:27:08,955 [Worker-77] INFO  o.e.m.c.i.embedder.EclipseLogger - Copying 0 resource
2016-09-28 13:27:08,957 [Worker-77] WARN  o.e.m.c.i.embedder.EclipseLogger - Using platform encoding (Cp1252 actually) to copy filtered resources, i.e. build is platform dependent!
2016-09-28 13:27:08,976 [Worker-77] INFO  o.e.m.c.i.embedder.EclipseLogger - Copying 0 resource
2016-09-28 13:54:31,156 [Worker-88] WARN  o.e.m.c.i.embedder.EclipseLogger - Using platform encoding (Cp1252 actually) to copy filtered resources, i.e. build is platform dependent!
2016-09-28 13:54:31,177 [Worker-88] INFO  o.e.m.c.i.embedder.EclipseLogger - Copying 0 resource
2016-09-28 13:54:31,180 [Worker-88] WARN  o.e.m.c.i.embedder.EclipseLogger - Using platform encoding (Cp1252 actually) to copy filtered resources, i.e. build is platform dependent!
2016-09-28 13:54:31,196 [Worker-88] INFO  o.e.m.c.i.embedder.EclipseLogger - Copying 0 resource
2016-09-28 13:56:07,333 [Worker-89] WARN  o.e.m.c.i.embedder.EclipseLogger - Using platform encoding (Cp1252 actually) to copy filtered resources, i.e. build is platform dependent!
2016-09-28 13:56:07,347 [Worker-89] INFO  o.e.m.c.i.embedder.EclipseLogger - Copying 0 resource
2016-09-28 13:56:07,349 [Worker-89] WARN  o.e.m.c.i.embedder.EclipseLogger - Using platform encoding (Cp1252 actually) to copy filtered resources, i.e. build is platform dependent!
2016-09-28 13:56:07,370 [Worker-89] INFO  o.e.m.c.i.embedder.EclipseLogger - Copying 0 resource
2016-09-28 13:59:40,289 [Worker-90] WARN  o.e.m.c.i.embedder.EclipseLogger - Using platform encoding (Cp1252 actually) to copy filtered resources, i.e. build is platform dependent!
2016-09-28 13:59:40,305 [Worker-90] INFO  o.e.m.c.i.embedder.EclipseLogger - Copying 0 resource
2016-09-28 13:59:40,314 [Worker-90] WARN  o.e.m.c.i.embedder.EclipseLogger - Using platform encoding (Cp1252 actually) to copy filtered resources, i.e. build is platform dependent!
2016-09-28 13:59:40,329 [Worker-90] INFO  o.e.m.c.i.embedder.EclipseLogger - Copying 0 resource
2016-09-28 14:04:57,866 [Worker-98] WARN  o.e.m.c.i.embedder.EclipseLogger - Using platform encoding (Cp1252 actually) to copy filtered resources, i.e. build is platform dependent!
2016-09-28 14:04:57,879 [Worker-98] INFO  o.e.m.c.i.embedder.EclipseLogger - Copying 0 resource
2016-09-28 14:04:57,882 [Worker-98] WARN  o.e.m.c.i.embedder.EclipseLogger - Using platform encoding (Cp1252 actually) to copy filtered resources, i.e. build is platform dependent!
2016-09-28 14:04:57,904 [Worker-98] INFO  o.e.m.c.i.embedder.EclipseLogger - Copying 0 resource
2016-09-28 14:09:53,752 [Worker-99] WARN  o.e.m.c.i.embedder.EclipseLogger - Using platform encoding (Cp1252 actually) to copy filtered resources, i.e. build is platform dependent!
2016-09-28 14:09:53,773 [Worker-99] INFO  o.e.m.c.i.embedder.EclipseLogger - Copying 0 resource
2016-09-28 14:09:53,777 [Worker-99] WARN  o.e.m.c.i.embedder.EclipseLogger - Using platform encoding (Cp1252 actually) to copy filtered resources, i.e. build is platform dependent!
2016-09-28 14:09:53,794 [Worker-99] INFO  o.e.m.c.i.embedder.EclipseLogger - Copying 0 resource
2016-09-28 14:10:07,590 [Worker-105] WARN  o.e.m.c.i.embedder.EclipseLogger - Using platform encoding (Cp1252 actually) to copy filtered resources, i.e. build is platform dependent!
2016-09-28 14:10:07,605 [Worker-105] INFO  o.e.m.c.i.embedder.EclipseLogger - Copying 0 resource
2016-09-28 14:10:07,607 [Worker-105] WARN  o.e.m.c.i.embedder.EclipseLogger - Using platform encoding (Cp1252 actually) to copy filtered resources, i.e. build is platform dependent!
2016-09-28 14:10:07,631 [Worker-105] INFO  o.e.m.c.i.embedder.EclipseLogger - Copying 0 resource
2016-09-28 14:12:00,623 [Worker-103] WARN  o.e.m.c.i.embedder.EclipseLogger - Using platform encoding (Cp1252 actually) to copy filtered resources, i.e. build is platform dependent!
2016-09-28 14:12:00,646 [Worker-103] INFO  o.e.m.c.i.embedder.EclipseLogger - Copying 0 resource
2016-09-28 14:12:00,649 [Worker-103] WARN  o.e.m.c.i.embedder.EclipseLogger - Using platform encoding (Cp1252 actually) to copy filtered resources, i.e. build is platform dependent!
2016-09-28 14:12:00,670 [Worker-103] INFO  o.e.m.c.i.embedder.EclipseLogger - Copying 0 resource
2016-09-28 14:14:10,439 [Worker-103] WARN  o.e.m.c.i.embedder.EclipseLogger - Using platform encoding (Cp1252 actually) to copy filtered resources, i.e. build is platform dependent!
2016-09-28 14:14:10,452 [Worker-103] INFO  o.e.m.c.i.embedder.EclipseLogger - Copying 0 resource
2016-09-28 14:14:10,458 [Worker-103] WARN  o.e.m.c.i.embedder.EclipseLogger - Using platform encoding (Cp1252 actually) to copy filtered resources, i.e. build is platform dependent!
2016-09-28 14:14:10,478 [Worker-103] INFO  o.e.m.c.i.embedder.EclipseLogger - Copying 0 resource
2016-09-28 14:14:19,602 [Worker-107] WARN  o.e.m.c.i.embedder.EclipseLogger - Using platform encoding (Cp1252 actually) to copy filtered resources, i.e. build is platform dependent!
2016-09-28 14:14:19,629 [Worker-107] INFO  o.e.m.c.i.embedder.EclipseLogger - Copying 0 resource
2016-09-28 14:14:19,633 [Worker-107] WARN  o.e.m.c.i.embedder.EclipseLogger - Using platform encoding (Cp1252 actually) to copy filtered resources, i.e. build is platform dependent!
2016-09-28 14:14:19,655 [Worker-107] INFO  o.e.m.c.i.embedder.EclipseLogger - Copying 0 resource
2016-09-28 14:17:45,723 [Worker-110] WARN  o.e.m.c.i.embedder.EclipseLogger - Using platform encoding (Cp1252 actually) to copy filtered resources, i.e. build is platform dependent!
2016-09-28 14:17:45,736 [Worker-110] INFO  o.e.m.c.i.embedder.EclipseLogger - Copying 0 resource
2016-09-28 14:17:45,740 [Worker-110] WARN  o.e.m.c.i.embedder.EclipseLogger - Using platform encoding (Cp1252 actually) to copy filtered resources, i.e. build is platform dependent!
2016-09-28 14:17:45,762 [Worker-110] INFO  o.e.m.c.i.embedder.EclipseLogger - Copying 0 resource
2016-09-28 14:19:55,207 [Worker-113] WARN  o.e.m.c.i.embedder.EclipseLogger - Using platform encoding (Cp1252 actually) to copy filtered resources, i.e. build is platform dependent!
2016-09-28 14:19:55,230 [Worker-113] INFO  o.e.m.c.i.embedder.EclipseLogger - Copying 0 resource
2016-09-28 14:19:55,242 [Worker-113] WARN  o.e.m.c.i.embedder.EclipseLogger - Using platform encoding (Cp1252 actually) to copy filtered resources, i.e. build is platform dependent!
2016-09-28 14:19:55,263 [Worker-113] INFO  o.e.m.c.i.embedder.EclipseLogger - Copying 0 resource
2016-09-28 14:20:03,536 [Worker-107] WARN  o.e.m.c.i.embedder.EclipseLogger - Using platform encoding (Cp1252 actually) to copy filtered resources, i.e. build is platform dependent!
2016-09-28 14:20:03,549 [Worker-107] INFO  o.e.m.c.i.embedder.EclipseLogger - Copying 0 resource
2016-09-28 14:20:03,552 [Worker-107] WARN  o.e.m.c.i.embedder.EclipseLogger - Using platform encoding (Cp1252 actually) to copy filtered resources, i.e. build is platform dependent!
2016-09-28 14:20:03,569 [Worker-107] INFO  o.e.m.c.i.embedder.EclipseLogger - Copying 0 resource
2016-09-28 14:20:37,562 [Worker-110] WARN  o.e.m.c.i.embedder.EclipseLogger - Using platform encoding (Cp1252 actually) to copy filtered resources, i.e. build is platform dependent!
2016-09-28 14:20:37,579 [Worker-110] INFO  o.e.m.c.i.embedder.EclipseLogger - Copying 0 resource
2016-09-28 14:20:37,590 [Worker-110] WARN  o.e.m.c.i.embedder.EclipseLogger - Using platform encoding (Cp1252 actually) to copy filtered resources, i.e. build is platform dependent!
2016-09-28 14:20:37,607 [Worker-110] INFO  o.e.m.c.i.embedder.EclipseLogger - Copying 0 resource
2016-09-28 14:21:48,294 [Worker-113] WARN  o.e.m.c.i.embedder.EclipseLogger - Using platform encoding (Cp1252 actually) to copy filtered resources, i.e. build is platform dependent!
2016-09-28 14:21:48,310 [Worker-113] INFO  o.e.m.c.i.embedder.EclipseLogger - Copying 0 resource
2016-09-28 14:21:48,312 [Worker-113] WARN  o.e.m.c.i.embedder.EclipseLogger - Using platform encoding (Cp1252 actually) to copy filtered resources, i.e. build is platform dependent!
2016-09-28 14:21:48,336 [Worker-113] INFO  o.e.m.c.i.embedder.EclipseLogger - Copying 0 resource
2016-09-28 14:22:00,892 [Worker-115] WARN  o.e.m.c.i.embedder.EclipseLogger - Using platform encoding (Cp1252 actually) to copy filtered resources, i.e. build is platform dependent!
2016-09-28 14:22:00,914 [Worker-115] INFO  o.e.m.c.i.embedder.EclipseLogger - Copying 0 resource
2016-09-28 14:22:00,926 [Worker-115] WARN  o.e.m.c.i.embedder.EclipseLogger - Using platform encoding (Cp1252 actually) to copy filtered resources, i.e. build is platform dependent!
2016-09-28 14:22:00,947 [Worker-115] INFO  o.e.m.c.i.embedder.EclipseLogger - Copying 0 resource
2016-09-28 14:22:09,212 [Worker-111] WARN  o.e.m.c.i.embedder.EclipseLogger - Using platform encoding (Cp1252 actually) to copy filtered resources, i.e. build is platform dependent!
2016-09-28 14:22:09,226 [Worker-111] INFO  o.e.m.c.i.embedder.EclipseLogger - Copying 0 resource
2016-09-28 14:22:09,231 [Worker-111] WARN  o.e.m.c.i.embedder.EclipseLogger - Using platform encoding (Cp1252 actually) to copy filtered resources, i.e. build is platform dependent!
2016-09-28 14:22:09,253 [Worker-111] INFO  o.e.m.c.i.embedder.EclipseLogger - Copying 0 resource
2016-09-28 14:27:46,349 [Worker-118] WARN  o.e.m.c.i.embedder.EclipseLogger - Using platform encoding (Cp1252 actually) to copy filtered resources, i.e. build is platform dependent!
2016-09-28 14:27:46,394 [Worker-118] INFO  o.e.m.c.i.embedder.EclipseLogger - Copying 0 resource
2016-09-28 14:27:46,396 [Worker-118] WARN  o.e.m.c.i.embedder.EclipseLogger - Using platform encoding (Cp1252 actually) to copy filtered resources, i.e. build is platform dependent!
2016-09-28 14:27:46,415 [Worker-118] INFO  o.e.m.c.i.embedder.EclipseLogger - Copying 0 resource
2016-09-28 14:30:44,075 [Worker-113] WARN  o.e.m.c.i.embedder.EclipseLogger - Using platform encoding (Cp1252 actually) to copy filtered resources, i.e. build is platform dependent!
2016-09-28 14:30:44,088 [Worker-113] INFO  o.e.m.c.i.embedder.EclipseLogger - Copying 0 resource
2016-09-28 14:30:44,091 [Worker-113] WARN  o.e.m.c.i.embedder.EclipseLogger - Using platform encoding (Cp1252 actually) to copy filtered resources, i.e. build is platform dependent!
2016-09-28 14:30:44,121 [Worker-113] INFO  o.e.m.c.i.embedder.EclipseLogger - Copying 0 resource
2016-09-28 14:37:54,700 [Worker-128] WARN  o.e.m.c.i.embedder.EclipseLogger - Using platform encoding (Cp1252 actually) to copy filtered resources, i.e. build is platform dependent!
2016-09-28 14:37:54,722 [Worker-128] INFO  o.e.m.c.i.embedder.EclipseLogger - Copying 0 resource
2016-09-28 14:37:54,734 [Worker-128] WARN  o.e.m.c.i.embedder.EclipseLogger - Using platform encoding (Cp1252 actually) to copy filtered resources, i.e. build is platform dependent!
2016-09-28 14:37:54,755 [Worker-128] INFO  o.e.m.c.i.embedder.EclipseLogger - Copying 0 resource
2016-09-28 14:41:17,038 [Worker-117] WARN  o.e.m.c.i.embedder.EclipseLogger - Using platform encoding (Cp1252 actually) to copy filtered resources, i.e. build is platform dependent!
2016-09-28 14:41:17,054 [Worker-117] INFO  o.e.m.c.i.embedder.EclipseLogger - Copying 0 resource
2016-09-28 14:41:17,057 [Worker-117] WARN  o.e.m.c.i.embedder.EclipseLogger - Using platform encoding (Cp1252 actually) to copy filtered resources, i.e. build is platform dependent!
2016-09-28 14:41:17,080 [Worker-117] INFO  o.e.m.c.i.embedder.EclipseLogger - Copying 0 resource
2016-09-28 14:41:28,537 [Worker-117] WARN  o.e.m.c.i.embedder.EclipseLogger - Using platform encoding (Cp1252 actually) to copy filtered resources, i.e. build is platform dependent!
2016-09-28 14:41:28,559 [Worker-117] INFO  o.e.m.c.i.embedder.EclipseLogger - Copying 0 resource
2016-09-28 14:41:28,572 [Worker-117] WARN  o.e.m.c.i.embedder.EclipseLogger - Using platform encoding (Cp1252 actually) to copy filtered resources, i.e. build is platform dependent!
2016-09-28 14:41:28,593 [Worker-117] INFO  o.e.m.c.i.embedder.EclipseLogger - Copying 0 resource
2016-09-28 14:41:44,124 [Worker-117] WARN  o.e.m.c.i.embedder.EclipseLogger - Using platform encoding (Cp1252 actually) to copy filtered resources, i.e. build is platform dependent!
2016-09-28 14:41:44,139 [Worker-117] INFO  o.e.m.c.i.embedder.EclipseLogger - Copying 0 resource
2016-09-28 14:41:44,142 [Worker-117] WARN  o.e.m.c.i.embedder.EclipseLogger - Using platform encoding (Cp1252 actually) to copy filtered resources, i.e. build is platform dependent!
2016-09-28 14:41:44,172 [Worker-117] INFO  o.e.m.c.i.embedder.EclipseLogger - Copying 0 resource
2016-09-28 14:43:06,509 [Worker-131] WARN  o.e.m.c.i.embedder.EclipseLogger - Using platform encoding (Cp1252 actually) to copy filtered resources, i.e. build is platform dependent!
2016-09-28 14:43:06,532 [Worker-131] INFO  o.e.m.c.i.embedder.EclipseLogger - Copying 0 resource
2016-09-28 14:43:06,543 [Worker-131] WARN  o.e.m.c.i.embedder.EclipseLogger - Using platform encoding (Cp1252 actually) to copy filtered resources, i.e. build is platform dependent!
2016-09-28 14:43:06,559 [Worker-131] INFO  o.e.m.c.i.embedder.EclipseLogger - Copying 0 resource
2016-09-28 14:44:21,146 [Worker-133] WARN  o.e.m.c.i.embedder.EclipseLogger - Using platform encoding (Cp1252 actually) to copy filtered resources, i.e. build is platform dependent!
2016-09-28 14:44:21,181 [Worker-133] INFO  o.e.m.c.i.embedder.EclipseLogger - Copying 0 resource
2016-09-28 14:44:21,184 [Worker-133] WARN  o.e.m.c.i.embedder.EclipseLogger - Using platform encoding (Cp1252 actually) to copy filtered resources, i.e. build is platform dependent!
2016-09-28 14:44:21,214 [Worker-133] INFO  o.e.m.c.i.embedder.EclipseLogger - Copying 0 resource
2016-09-28 14:45:17,565 [Worker-132] WARN  o.e.m.c.i.embedder.EclipseLogger - Using platform encoding (Cp1252 actually) to copy filtered resources, i.e. build is platform dependent!
2016-09-28 14:45:17,598 [Worker-132] INFO  o.e.m.c.i.embedder.EclipseLogger - Copying 0 resource
2016-09-28 14:45:17,605 [Worker-132] WARN  o.e.m.c.i.embedder.EclipseLogger - Using platform encoding (Cp1252 actually) to copy filtered resources, i.e. build is platform dependent!
2016-09-28 14:45:17,627 [Worker-132] INFO  o.e.m.c.i.embedder.EclipseLogger - Copying 0 resource
2016-09-28 14:46:15,809 [Worker-130] WARN  o.e.m.c.i.embedder.EclipseLogger - Using platform encoding (Cp1252 actually) to copy filtered resources, i.e. build is platform dependent!
2016-09-28 14:46:15,826 [Worker-130] INFO  o.e.m.c.i.embedder.EclipseLogger - Copying 0 resource
2016-09-28 14:46:15,828 [Worker-130] WARN  o.e.m.c.i.embedder.EclipseLogger - Using platform encoding (Cp1252 actually) to copy filtered resources, i.e. build is platform dependent!
2016-09-28 14:46:15,852 [Worker-130] INFO  o.e.m.c.i.embedder.EclipseLogger - Copying 0 resource
2016-09-28 14:49:17,812 [Worker-136] WARN  o.e.m.c.i.embedder.EclipseLogger - Using platform encoding (Cp1252 actually) to copy filtered resources, i.e. build is platform dependent!
2016-09-28 14:49:17,836 [Worker-136] INFO  o.e.m.c.i.embedder.EclipseLogger - Copying 0 resource
2016-09-28 14:49:17,849 [Worker-136] WARN  o.e.m.c.i.embedder.EclipseLogger - Using platform encoding (Cp1252 actually) to copy filtered resources, i.e. build is platform dependent!
2016-09-28 14:49:17,871 [Worker-136] INFO  o.e.m.c.i.embedder.EclipseLogger - Copying 0 resource
2016-09-28 14:50:11,885 [Worker-133] WARN  o.e.m.c.i.embedder.EclipseLogger - Using platform encoding (Cp1252 actually) to copy filtered resources, i.e. build is platform dependent!
2016-09-28 14:50:11,895 [Worker-133] INFO  o.e.m.c.i.embedder.EclipseLogger - Copying 0 resource
2016-09-28 14:50:11,897 [Worker-133] WARN  o.e.m.c.i.embedder.EclipseLogger - Using platform encoding (Cp1252 actually) to copy filtered resources, i.e. build is platform dependent!
2016-09-28 14:50:11,914 [Worker-133] INFO  o.e.m.c.i.embedder.EclipseLogger - Copying 0 resource
2016-09-28 14:51:04,171 [Worker-137] WARN  o.e.m.c.i.embedder.EclipseLogger - Using platform encoding (Cp1252 actually) to copy filtered resources, i.e. build is platform dependent!
2016-09-28 14:51:04,194 [Worker-137] INFO  o.e.m.c.i.embedder.EclipseLogger - Copying 0 resource
2016-09-28 14:51:04,196 [Worker-137] WARN  o.e.m.c.i.embedder.EclipseLogger - Using platform encoding (Cp1252 actually) to copy filtered resources, i.e. build is platform dependent!
2016-09-28 14:51:04,218 [Worker-137] INFO  o.e.m.c.i.embedder.EclipseLogger - Copying 0 resource
2016-09-28 14:51:36,420 [Worker-130] WARN  o.e.m.c.i.embedder.EclipseLogger - Using platform encoding (Cp1252 actually) to copy filtered resources, i.e. build is platform dependent!
2016-09-28 14:51:36,439 [Worker-130] INFO  o.e.m.c.i.embedder.EclipseLogger - Copying 0 resource
2016-09-28 14:51:36,442 [Worker-130] WARN  o.e.m.c.i.embedder.EclipseLogger - Using platform encoding (Cp1252 actually) to copy filtered resources, i.e. build is platform dependent!
2016-09-28 14:51:36,467 [Worker-130] INFO  o.e.m.c.i.embedder.EclipseLogger - Copying 0 resource
2016-09-28 14:52:04,210 [Worker-130] WARN  o.e.m.c.i.embedder.EclipseLogger - Using platform encoding (Cp1252 actually) to copy filtered resources, i.e. build is platform dependent!
2016-09-28 14:52:04,238 [Worker-130] INFO  o.e.m.c.i.embedder.EclipseLogger - Copying 0 resource
2016-09-28 14:52:04,251 [Worker-130] WARN  o.e.m.c.i.embedder.EclipseLogger - Using platform encoding (Cp1252 actually) to copy filtered resources, i.e. build is platform dependent!
2016-09-28 14:52:04,273 [Worker-130] INFO  o.e.m.c.i.embedder.EclipseLogger - Copying 0 resource
2016-09-28 16:43:48,914 [Worker-194] WARN  o.e.m.c.i.embedder.EclipseLogger - Using platform encoding (Cp1252 actually) to copy filtered resources, i.e. build is platform dependent!
2016-09-28 16:43:48,929 [Worker-194] INFO  o.e.m.c.i.embedder.EclipseLogger - Copying 0 resource
2016-09-28 16:43:48,931 [Worker-194] WARN  o.e.m.c.i.embedder.EclipseLogger - Using platform encoding (Cp1252 actually) to copy filtered resources, i.e. build is platform dependent!
2016-09-28 16:43:48,956 [Worker-194] INFO  o.e.m.c.i.embedder.EclipseLogger - Copying 0 resource
2016-09-29 09:13:00,634 [Worker-41] WARN  o.e.m.c.i.embedder.EclipseLogger - Using platform encoding (Cp1252 actually) to copy filtered resources, i.e. build is platform dependent!
2016-09-29 09:13:00,665 [Worker-41] INFO  o.e.m.c.i.embedder.EclipseLogger - Copying 0 resource
2016-09-29 09:13:00,665 [Worker-41] WARN  o.e.m.c.i.embedder.EclipseLogger - Using platform encoding (Cp1252 actually) to copy filtered resources, i.e. build is platform dependent!
2016-09-29 09:13:00,665 [Worker-41] INFO  o.e.m.c.i.embedder.EclipseLogger - Copying 0 resource
2016-09-29 09:17:31,232 [Worker-46] WARN  o.e.m.c.i.embedder.EclipseLogger - Using platform encoding (Cp1252 actually) to copy filtered resources, i.e. build is platform dependent!
2016-09-29 09:17:31,263 [Worker-46] INFO  o.e.m.c.i.embedder.EclipseLogger - Copying 0 resource
2016-09-29 09:17:31,263 [Worker-46] WARN  o.e.m.c.i.embedder.EclipseLogger - Using platform encoding (Cp1252 actually) to copy filtered resources, i.e. build is platform dependent!
2016-09-29 09:17:31,295 [Worker-46] INFO  o.e.m.c.i.embedder.EclipseLogger - Copying 0 resource
2016-09-29 09:17:51,037 [Worker-46] WARN  o.e.m.c.i.embedder.EclipseLogger - Using platform encoding (Cp1252 actually) to copy filtered resources, i.e. build is platform dependent!
2016-09-29 09:17:51,068 [Worker-46] INFO  o.e.m.c.i.embedder.EclipseLogger - Copying 0 resource
2016-09-29 09:17:51,068 [Worker-46] WARN  o.e.m.c.i.embedder.EclipseLogger - Using platform encoding (Cp1252 actually) to copy filtered resources, i.e. build is platform dependent!
2016-09-29 09:17:51,099 [Worker-46] INFO  o.e.m.c.i.embedder.EclipseLogger - Copying 0 resource
2016-09-29 09:18:51,564 [Worker-38] WARN  o.e.m.c.i.embedder.EclipseLogger - Using platform encoding (Cp1252 actually) to copy filtered resources, i.e. build is platform dependent!
2016-09-29 09:18:51,595 [Worker-38] INFO  o.e.m.c.i.embedder.EclipseLogger - Copying 0 resource
2016-09-29 09:18:51,595 [Worker-38] WARN  o.e.m.c.i.embedder.EclipseLogger - Using platform encoding (Cp1252 actually) to copy filtered resources, i.e. build is platform dependent!
2016-09-29 09:18:51,610 [Worker-38] INFO  o.e.m.c.i.embedder.EclipseLogger - Copying 0 resource
2016-09-29 09:26:02,219 [Worker-18] WARN  o.e.m.c.i.embedder.EclipseLogger - Using platform encoding (Cp1252 actually) to copy filtered resources, i.e. build is platform dependent!
2016-09-29 09:26:02,252 [Worker-18] INFO  o.e.m.c.i.embedder.EclipseLogger - Copying 0 resource
2016-09-29 09:26:02,257 [Worker-18] WARN  o.e.m.c.i.embedder.EclipseLogger - Using platform encoding (Cp1252 actually) to copy filtered resources, i.e. build is platform dependent!
2016-09-29 09:26:02,276 [Worker-18] INFO  o.e.m.c.i.embedder.EclipseLogger - Copying 0 resource
2016-09-29 09:28:17,203 [Worker-18] WARN  o.e.m.c.i.embedder.EclipseLogger - Using platform encoding (Cp1252 actually) to copy filtered resources, i.e. build is platform dependent!
2016-09-29 09:28:17,233 [Worker-18] INFO  o.e.m.c.i.embedder.EclipseLogger - Copying 0 resource
2016-09-29 09:28:17,236 [Worker-18] WARN  o.e.m.c.i.embedder.EclipseLogger - Using platform encoding (Cp1252 actually) to copy filtered resources, i.e. build is platform dependent!
2016-09-29 09:28:17,249 [Worker-18] INFO  o.e.m.c.i.embedder.EclipseLogger - Copying 0 resource
2016-09-29 09:28:58,244 [Worker-23] WARN  o.e.m.c.i.embedder.EclipseLogger - Using platform encoding (Cp1252 actually) to copy filtered resources, i.e. build is platform dependent!
2016-09-29 09:28:58,263 [Worker-23] INFO  o.e.m.c.i.embedder.EclipseLogger - Copying 0 resource
2016-09-29 09:28:58,267 [Worker-23] WARN  o.e.m.c.i.embedder.EclipseLogger - Using platform encoding (Cp1252 actually) to copy filtered resources, i.e. build is platform dependent!
2016-09-29 09:28:58,280 [Worker-23] INFO  o.e.m.c.i.embedder.EclipseLogger - Copying 0 resource
2016-09-29 09:29:50,669 [Worker-23] WARN  o.e.m.c.i.embedder.EclipseLogger - Using platform encoding (Cp1252 actually) to copy filtered resources, i.e. build is platform dependent!
2016-09-29 09:29:50,700 [Worker-23] INFO  o.e.m.c.i.embedder.EclipseLogger - Copying 0 resource
2016-09-29 09:29:50,707 [Worker-23] WARN  o.e.m.c.i.embedder.EclipseLogger - Using platform encoding (Cp1252 actually) to copy filtered resources, i.e. build is platform dependent!
2016-09-29 09:29:50,721 [Worker-23] INFO  o.e.m.c.i.embedder.EclipseLogger - Copying 0 resource
2016-09-29 09:34:04,518 [Worker-22] WARN  o.e.m.c.i.embedder.EclipseLogger - Using platform encoding (Cp1252 actually) to copy filtered resources, i.e. build is platform dependent!
2016-09-29 09:34:04,527 [Worker-22] INFO  o.e.m.c.i.embedder.EclipseLogger - Copying 0 resource
2016-09-29 09:34:04,529 [Worker-22] WARN  o.e.m.c.i.embedder.EclipseLogger - Using platform encoding (Cp1252 actually) to copy filtered resources, i.e. build is platform dependent!
2016-09-29 09:34:04,538 [Worker-22] INFO  o.e.m.c.i.embedder.EclipseLogger - Copying 0 resource
2016-09-29 09:49:41,721 [Worker-32] WARN  o.e.m.c.i.embedder.EclipseLogger - Using platform encoding (Cp1252 actually) to copy filtered resources, i.e. build is platform dependent!
2016-09-29 09:49:41,757 [Worker-32] INFO  o.e.m.c.i.embedder.EclipseLogger - Copying 0 resource
2016-09-29 09:49:41,770 [Worker-32] WARN  o.e.m.c.i.embedder.EclipseLogger - Using platform encoding (Cp1252 actually) to copy filtered resources, i.e. build is platform dependent!
2016-09-29 09:49:41,783 [Worker-32] INFO  o.e.m.c.i.embedder.EclipseLogger - Copying 0 resource
2016-09-29 09:51:41,219 [Worker-30] WARN  o.e.m.c.i.embedder.EclipseLogger - Using platform encoding (Cp1252 actually) to copy filtered resources, i.e. build is platform dependent!
2016-09-29 09:51:41,233 [Worker-30] INFO  o.e.m.c.i.embedder.EclipseLogger - Copying 0 resource
2016-09-29 09:51:41,236 [Worker-30] WARN  o.e.m.c.i.embedder.EclipseLogger - Using platform encoding (Cp1252 actually) to copy filtered resources, i.e. build is platform dependent!
2016-09-29 09:51:41,251 [Worker-30] INFO  o.e.m.c.i.embedder.EclipseLogger - Copying 0 resource
2016-09-29 10:01:29,739 [Worker-37] WARN  o.e.m.c.i.embedder.EclipseLogger - Using platform encoding (Cp1252 actually) to copy filtered resources, i.e. build is platform dependent!
2016-09-29 10:01:29,764 [Worker-37] INFO  o.e.m.c.i.embedder.EclipseLogger - Copying 0 resource
2016-09-29 10:01:29,774 [Worker-37] WARN  o.e.m.c.i.embedder.EclipseLogger - Using platform encoding (Cp1252 actually) to copy filtered resources, i.e. build is platform dependent!
2016-09-29 10:01:29,787 [Worker-37] INFO  o.e.m.c.i.embedder.EclipseLogger - Copying 0 resource
2016-09-29 10:04:03,018 [Worker-43] WARN  o.e.m.c.i.embedder.EclipseLogger - Using platform encoding (Cp1252 actually) to copy filtered resources, i.e. build is platform dependent!
2016-09-29 10:04:03,033 [Worker-43] INFO  o.e.m.c.i.embedder.EclipseLogger - Copying 0 resource
2016-09-29 10:04:03,036 [Worker-43] WARN  o.e.m.c.i.embedder.EclipseLogger - Using platform encoding (Cp1252 actually) to copy filtered resources, i.e. build is platform dependent!
2016-09-29 10:04:03,049 [Worker-43] INFO  o.e.m.c.i.embedder.EclipseLogger - Copying 0 resource
2016-09-29 10:07:18,134 [Worker-37] WARN  o.e.m.c.i.embedder.EclipseLogger - Using platform encoding (Cp1252 actually) to copy filtered resources, i.e. build is platform dependent!
2016-09-29 10:07:18,162 [Worker-37] INFO  o.e.m.c.i.embedder.EclipseLogger - Copying 0 resource
2016-09-29 10:07:18,175 [Worker-37] WARN  o.e.m.c.i.embedder.EclipseLogger - Using platform encoding (Cp1252 actually) to copy filtered resources, i.e. build is platform dependent!
2016-09-29 10:07:18,195 [Worker-37] INFO  o.e.m.c.i.embedder.EclipseLogger - Copying 0 resource
2016-09-29 10:12:53,415 [Worker-38] WARN  o.e.m.c.i.embedder.EclipseLogger - Using platform encoding (Cp1252 actually) to copy filtered resources, i.e. build is platform dependent!
2016-09-29 10:12:53,428 [Worker-38] INFO  o.e.m.c.i.embedder.EclipseLogger - Copying 0 resource
2016-09-29 10:12:53,431 [Worker-38] WARN  o.e.m.c.i.embedder.EclipseLogger - Using platform encoding (Cp1252 actually) to copy filtered resources, i.e. build is platform dependent!
2016-09-29 10:12:53,444 [Worker-38] INFO  o.e.m.c.i.embedder.EclipseLogger - Copying 0 resource
2016-09-29 10:13:37,708 [Worker-46] WARN  o.e.m.c.i.embedder.EclipseLogger - Using platform encoding (Cp1252 actually) to copy filtered resources, i.e. build is platform dependent!
2016-09-29 10:13:37,729 [Worker-46] INFO  o.e.m.c.i.embedder.EclipseLogger - Copying 0 resource
2016-09-29 10:13:37,741 [Worker-46] WARN  o.e.m.c.i.embedder.EclipseLogger - Using platform encoding (Cp1252 actually) to copy filtered resources, i.e. build is platform dependent!
2016-09-29 10:13:37,753 [Worker-46] INFO  o.e.m.c.i.embedder.EclipseLogger - Copying 0 resource
2016-09-29 10:14:10,471 [Worker-38] WARN  o.e.m.c.i.embedder.EclipseLogger - Using platform encoding (Cp1252 actually) to copy filtered resources, i.e. build is platform dependent!
2016-09-29 10:14:10,484 [Worker-38] INFO  o.e.m.c.i.embedder.EclipseLogger - Copying 0 resource
2016-09-29 10:14:10,491 [Worker-38] WARN  o.e.m.c.i.embedder.EclipseLogger - Using platform encoding (Cp1252 actually) to copy filtered resources, i.e. build is platform dependent!
2016-09-29 10:14:10,506 [Worker-38] INFO  o.e.m.c.i.embedder.EclipseLogger - Copying 0 resource
2016-09-29 10:14:45,519 [Worker-48] WARN  o.e.m.c.i.embedder.EclipseLogger - Using platform encoding (Cp1252 actually) to copy filtered resources, i.e. build is platform dependent!
2016-09-29 10:14:45,546 [Worker-48] INFO  o.e.m.c.i.embedder.EclipseLogger - Copying 0 resource
2016-09-29 10:14:45,550 [Worker-48] WARN  o.e.m.c.i.embedder.EclipseLogger - Using platform encoding (Cp1252 actually) to copy filtered resources, i.e. build is platform dependent!
2016-09-29 10:14:45,566 [Worker-48] INFO  o.e.m.c.i.embedder.EclipseLogger - Copying 0 resource
2016-09-29 10:14:58,254 [Worker-47] WARN  o.e.m.c.i.embedder.EclipseLogger - Using platform encoding (Cp1252 actually) to copy filtered resources, i.e. build is platform dependent!
2016-09-29 10:14:58,269 [Worker-47] INFO  o.e.m.c.i.embedder.EclipseLogger - Copying 0 resource
2016-09-29 10:14:58,272 [Worker-47] WARN  o.e.m.c.i.embedder.EclipseLogger - Using platform encoding (Cp1252 actually) to copy filtered resources, i.e. build is platform dependent!
2016-09-29 10:14:58,285 [Worker-47] INFO  o.e.m.c.i.embedder.EclipseLogger - Copying 0 resource
2016-09-29 10:16:58,800 [Worker-45] WARN  o.e.m.c.i.embedder.EclipseLogger - Using platform encoding (Cp1252 actually) to copy filtered resources, i.e. build is platform dependent!
2016-09-29 10:16:58,822 [Worker-45] INFO  o.e.m.c.i.embedder.EclipseLogger - Copying 0 resource
2016-09-29 10:16:58,836 [Worker-45] WARN  o.e.m.c.i.embedder.EclipseLogger - Using platform encoding (Cp1252 actually) to copy filtered resources, i.e. build is platform dependent!
2016-09-29 10:16:58,848 [Worker-45] INFO  o.e.m.c.i.embedder.EclipseLogger - Copying 0 resource
2016-09-29 10:18:17,046 [Worker-48] WARN  o.e.m.c.i.embedder.EclipseLogger - Using platform encoding (Cp1252 actually) to copy filtered resources, i.e. build is platform dependent!
2016-09-29 10:18:17,059 [Worker-48] INFO  o.e.m.c.i.embedder.EclipseLogger - Copying 0 resource
2016-09-29 10:18:17,061 [Worker-48] WARN  o.e.m.c.i.embedder.EclipseLogger - Using platform encoding (Cp1252 actually) to copy filtered resources, i.e. build is platform dependent!
2016-09-29 10:18:17,073 [Worker-48] INFO  o.e.m.c.i.embedder.EclipseLogger - Copying 0 resource
2016-09-29 10:19:17,566 [Worker-46] WARN  o.e.m.c.i.embedder.EclipseLogger - Using platform encoding (Cp1252 actually) to copy filtered resources, i.e. build is platform dependent!
2016-09-29 10:19:17,593 [Worker-46] INFO  o.e.m.c.i.embedder.EclipseLogger - Copying 0 resource
2016-09-29 10:19:17,596 [Worker-46] WARN  o.e.m.c.i.embedder.EclipseLogger - Using platform encoding (Cp1252 actually) to copy filtered resources, i.e. build is platform dependent!
2016-09-29 10:19:17,613 [Worker-46] INFO  o.e.m.c.i.embedder.EclipseLogger - Copying 0 resource
2016-09-29 10:19:56,681 [Worker-45] WARN  o.e.m.c.i.embedder.EclipseLogger - Using platform encoding (Cp1252 actually) to copy filtered resources, i.e. build is platform dependent!
2016-09-29 10:19:56,694 [Worker-45] INFO  o.e.m.c.i.embedder.EclipseLogger - Copying 0 resource
2016-09-29 10:19:56,697 [Worker-45] WARN  o.e.m.c.i.embedder.EclipseLogger - Using platform encoding (Cp1252 actually) to copy filtered resources, i.e. build is platform dependent!
2016-09-29 10:19:56,711 [Worker-45] INFO  o.e.m.c.i.embedder.EclipseLogger - Copying 0 resource
2016-09-29 10:20:41,965 [Worker-44] WARN  o.e.m.c.i.embedder.EclipseLogger - Using platform encoding (Cp1252 actually) to copy filtered resources, i.e. build is platform dependent!
2016-09-29 10:20:41,986 [Worker-44] INFO  o.e.m.c.i.embedder.EclipseLogger - Copying 0 resource
2016-09-29 10:20:41,998 [Worker-44] WARN  o.e.m.c.i.embedder.EclipseLogger - Using platform encoding (Cp1252 actually) to copy filtered resources, i.e. build is platform dependent!
2016-09-29 10:20:42,009 [Worker-44] INFO  o.e.m.c.i.embedder.EclipseLogger - Copying 0 resource
